<?xml version="1.0" encoding="UTF-8"?>
<testsuites name="Mocha Tests" time="0.6610" tests="3" failures="0">
  <testsuite name="Root Suite" timestamp="2022-01-21T21:27:13" tests="0" file="cypress/integration/2-advanced-examples/window.spec.js" time="0.0000" failures="0">
  </testsuite>
  <testsuite name="Window" timestamp="2022-01-21T21:27:13" tests="3" time="0.6610" failures="0">
    <testcase name="Window cy.window() - get the global window object" time="0.4190" classname="cy.window() - get the global window object">
    </testcase>
    <testcase name="Window cy.document() - get the document object" time="0.1380" classname="cy.document() - get the document object">
    </testcase>
    <testcase name="Window cy.title() - get the title" time="0.1040" classname="cy.title() - get the title">
    </testcase>
  </testsuite>
</testsuites>